<?xml version="1.0" encoding="UTF-8"?>
<!-- Generated by org.testng.reporters.JUnitReportReporter -->
<testsuite hostname="BT1707295" failures="0" tests="2" name="Academy.E2Eproject.Gift" time="5.067" errors="0" timestamp="2021-09-25T23:14:12 IST" skipped="0">
  <testcase classname="Academy.E2Eproject.Gift" name="A_Gift" time="3.211"/>
  <system-out/>
  <testcase classname="Academy.E2Eproject.Gift" name="GiftText" time="1.856"/>
  <system-out/>
</testsuite> <!-- Academy.E2Eproject.Gift -->
