<?xml version="1.0" encoding="UTF-8"?>
<!-- Generated by org.testng.reporters.JUnitReportReporter -->
<testsuite hostname="BT1707295" failures="0" tests="3" name="Academy.E2Eproject.Bar" time="3.929" errors="0" timestamp="2021-09-25T23:14:12 IST" skipped="0">
  <testcase classname="Academy.E2Eproject.Bar" name="AC_storage" time="0.449"/>
  <system-out/>
  <testcase classname="Academy.E2Eproject.Bar" name="C_Bar" time="1.658"/>
  <system-out/>
  <testcase classname="Academy.E2Eproject.Bar" name="C_check" time="1.822"/>
  <system-out/>
</testsuite> <!-- Academy.E2Eproject.Bar -->
