<?xml version="1.0" encoding="UTF-8"?>
<!-- Generated by org.testng.reporters.JUnitReportReporter -->
<testsuite hostname="BT1707295" failures="0" tests="2" name="Academy.E2Eproject.Stores" time="3.986" errors="0" timestamp="2021-09-25T23:14:12 IST" skipped="0">
  <testcase classname="Academy.E2Eproject.Stores" name="StoreText" time="1.740"/>
  <system-out/>
  <testcase classname="Academy.E2Eproject.Stores" name="Store1" time="2.246"/>
  <system-out/>
</testsuite> <!-- Academy.E2Eproject.Stores -->
