<?xml version="1.0" encoding="UTF-8"?>
<!-- Generated by org.testng.reporters.JUnitReportReporter -->
<testsuite hostname="BT1707295" failures="0" tests="1" name="Academy.E2Eproject.Sale" time="4.115" errors="0" timestamp="2021-09-25T23:14:12 IST" skipped="0">
  <testcase classname="Academy.E2Eproject.Sale" name="Sale_f" time="4.115"/>
  <system-out/>
</testsuite> <!-- Academy.E2Eproject.Sale -->
