<?xml version="1.0" encoding="UTF-8"?>
<!-- Generated by org.testng.reporters.JUnitReportReporter -->
<testsuite hostname="BT1707295" failures="0" tests="1" name="Academy.E2Eproject.validatenavbar" time="0.228" errors="0" timestamp="2021-09-22T06:28:03 IST" skipped="0">
  <testcase classname="Academy.E2Eproject.validatenavbar" name="basePageNavigation" time="0.228"/>
  <system-out/>
</testsuite> <!-- Academy.E2Eproject.validatenavbar -->
