<?xml version="1.0" encoding="UTF-8"?>
<!-- Generated by org.testng.reporters.JUnitReportReporter -->
<testsuite hostname="BT1707295" failures="0" tests="2" name="Academy.E2Eproject.About" time="2.649" errors="0" timestamp="2021-09-25T23:14:12 IST" skipped="0">
  <testcase classname="Academy.E2Eproject.About" name="get_text" time="1.433"/>
  <system-out/>
  <testcase classname="Academy.E2Eproject.About" name="AboutUs" time="1.216"/>
  <system-out/>
</testsuite> <!-- Academy.E2Eproject.About -->
