<?xml version="1.0" encoding="UTF-8"?>
<!-- Generated by org.testng.reporters.JUnitReportReporter -->
<testsuite hostname="BT1707295" failures="0" tests="2" name="Academy.E2Eproject.Bulk" time="5.219" errors="0" timestamp="2021-09-25T23:14:12 IST" skipped="0">
  <testcase classname="Academy.E2Eproject.Bulk" name="A_Bulk" time="3.408"/>
  <system-out/>
  <testcase classname="Academy.E2Eproject.Bulk" name="BulkText" time="1.811"/>
  <system-out/>
</testsuite> <!-- Academy.E2Eproject.Bulk -->
