<?xml version="1.0" encoding="UTF-8"?>
<!-- Generated by org.testng.reporters.JUnitReportReporter -->
<testsuite skipped="0" hostname="BT1707295" name="Academy.E2Eproject.validatenavbar" tests="1" failures="0" timestamp="24 Aug 2021 16:05:43 GMT" time="0.216" errors="0">
  <testcase name="basePageNavigation" time="0.216" classname="Academy.E2Eproject.validatenavbar"/>
</testsuite> <!-- Academy.E2Eproject.validatenavbar -->
