<?xml version="1.0" encoding="UTF-8"?>
<!-- Generated by org.testng.reporters.JUnitReportReporter -->
<testsuite hostname="BT1707295" failures="0" tests="2" name="Academy.E2Eproject.Homepage" time="6.454" errors="0" timestamp="2021-09-22T06:28:03 IST" skipped="0">
  <testcase classname="Academy.E2Eproject.Homepage" name="basePageNavigation" time="4.798"/>
  <system-out/>
  <testcase classname="Academy.E2Eproject.Homepage" name="basePageNavigation" time="1.656"/>
  <system-out/>
</testsuite> <!-- Academy.E2Eproject.Homepage -->
