<?xml version="1.0" encoding="UTF-8"?>
<!-- Generated by org.testng.reporters.JUnitReportReporter -->
<testsuite hostname="BT1707295" failures="0" tests="1" name="Academy.E2Eproject.validatetitle" time="0.021" errors="0" timestamp="2021-09-23T00:23:57 IST" skipped="0">
  <testcase classname="Academy.E2Eproject.validatetitle" name="basePageNavigation" time="0.021"/>
  <system-out/>
</testsuite> <!-- Academy.E2Eproject.validatetitle -->
