<?xml version="1.0" encoding="UTF-8"?>
<!-- Generated by org.testng.reporters.JUnitReportReporter -->
<testsuite skipped="0" hostname="BT1707295" name="Academy.E2Eproject.Homepage" tests="2" failures="0" timestamp="24 Aug 2021 16:05:43 GMT" time="6.748" errors="0">
  <testcase name="basePageNavigation" time="2.007" classname="Academy.E2Eproject.Homepage"/>
  <testcase name="basePageNavigation" time="4.741" classname="Academy.E2Eproject.Homepage"/>
</testsuite> <!-- Academy.E2Eproject.Homepage -->
